Remove Pin=D12-2 From Net=SEND
Remove Pin=H1-1 From Net=V5V
Remove Pin=H1-2 From Net=V5V
Remove Pin=H1-5 From Net=12V
Remove Pin=H2-1 From Net=V5V
Remove Pin=H2-2 From Net=V5V
Remove Pin=H2-5 From Net=12V
Remove Pin=H3-1 From Net=12V
Remove Pin=H3-2 From Net=SENSOR5
Remove Pin=H3-3 From Net=SENSOR6
Remove Pin=H3-4 From Net=SÒL
Remove Pin=H3-5 From Net=RELAY
Remove Pin=H4-1 From Net=12V
Remove Pin=H4-2 From Net=SENSOR5
Remove Pin=H4-3 From Net=SENSOR6
Remove Pin=H4-4 From Net=SÒL
Remove Pin=H4-5 From Net=RELAY
Remove Pin=H5-1 From Net=SEND
Remove Pin=H5-2 From Net=SCL
Remove Pin=H5-3 From Net=SDA
Remove Pin=H5-4 From Net=12VIN
Remove Pin=H5-5 From Net=12VIN
Remove Pin=H6-1 From Net=SEND
Remove Pin=H6-2 From Net=SCL
Remove Pin=H6-3 From Net=SDA
Remove Pin=H6-4 From Net=12VIN
Remove Pin=H6-5 From Net=12VIN
Remove Pin=H7-1 From Net=V5V
Remove Pin=H7-2 From Net=V5V
Remove Pin=H7-5 From Net=12V
Remove Pin=H8-1 From Net=V5V
Remove Pin=H8-2 From Net=V5V
Remove Pin=H8-5 From Net=12V
Remove Pin=H9-1 From Net=12V
Remove Pin=H9-2 From Net=SENSOR5
Remove Pin=H9-3 From Net=SENSOR6
Remove Pin=H9-4 From Net=SÒL
Remove Pin=H9-5 From Net=RELAY
Remove Pin=H10-1 From Net=12V
Remove Pin=H10-2 From Net=SENSOR5
Remove Pin=H10-3 From Net=SENSOR6
Remove Pin=H10-4 From Net=SÒL
Remove Pin=H10-5 From Net=RELAY
Remove Pin=H11-1 From Net=SEND
Remove Pin=H11-2 From Net=SCL
Remove Pin=H11-3 From Net=SDA
Remove Pin=H11-4 From Net=12VIN
Remove Pin=H11-5 From Net=12VIN
Remove Pin=H12-1 From Net=SEND
Remove Pin=H12-2 From Net=SCL
Remove Pin=H12-3 From Net=SDA
Remove Pin=H12-4 From Net=12VIN
Remove Pin=H12-5 From Net=12VIN
Remove Pin=O1-4 From Net=3V3
Remove Pin=R14-2 From Net=V5V
Remove Pin=R16-2 From Net=V5V
Remove Pin=R25-1 From Net=RELAY
Change Component Comment: Designator=S4 Old Comment=TS-1187A-B-A-B New Comment=Comment
Add Pin To Net: Pin=U1-13 Old Net=SENMAG New Net=ACTIVITY
