Added Component: Designator=B1(BUZZERSMD)
Added Component: Designator=B2(74LVC125APW,118)
Added Component: Designator=C1(CAP10NFSMD)
Added Component: Designator=C2(CAP0.1UFSMD)
Added Component: Designator=C3(CAP10UFSMD)
Added Component: Designator=C4(CAP0.1UFSMD)
Added Component: Designator=C5(CAP0.1UFSMD)
Added Component: Designator=C6(CAP0.1UFSMD)
Added Component: Designator=C7(CAP680UFSMD)
Added Component: Designator=C8(CAP0.1UFSMD)
Added Component: Designator=C9(CAP220UFSMD)
Added Component: Designator=C10(Cap 470uf)
Added Component: Designator=C11(CAP100NFSMD)
Added Component: Designator=C12(CAP10UFSMD)
Added Component: Designator=C13(Clema3)
Added Component: Designator=C14(CAP100NFSMD)
Added Component: Designator=C15(CAP0.1UFSMD)
Added Component: Designator=C16(CAP4.7UFSMD)
Added Component: Designator=C17(CAP 1UFSMD)
Added Component: Designator=D1(1N4148)
Added Component: Designator=D2(SS8050)
Added Component: Designator=D3(SS8050)
Added Component: Designator=D4(Led 0805 Verde)
Added Component: Designator=D5(SS24)
Added Component: Designator=D6(PMEG3050EP)
Added Component: Designator=D7(Led 0805 White)
Added Component: Designator=D8(Led 0805 Verde)
Added Component: Designator=D9(Led 0805 Amarillo)
Added Component: Designator=D10(Led 0805 Amarillo)
Added Component: Designator=D11(Led 0805 Amarillo)
Added Component: Designator=D12(Led 0805 Amarillo)
Added Component: Designator=D13(LED SMD Amarillo)
Added Component: Designator=D14(C162732)
Added Component: Designator=D15(LED SMD Amarillo)
Added Component: Designator=F1(FUSE)
Added Component: Designator=H1(HEADER5)
Added Component: Designator=H2(HEADER5)
Added Component: Designator=H3(HEADER5)
Added Component: Designator=H4(HEADER5)
Added Component: Designator=H5(HEADER5)
Added Component: Designator=H6(HEADER5)
Added Component: Designator=H7(HEADER5)
Added Component: Designator=H8(HEADER5)
Added Component: Designator=H9(HEADER5)
Added Component: Designator=H10(HEADER5)
Added Component: Designator=H11(HEADER5)
Added Component: Designator=H12(HEADER5)
Added Component: Designator=H13(CONECTOR 2 PINES)
Added Component: Designator=H14(CONECTOR XHP-3)
Added Component: Designator=H15(CONECTOR XHP-3)
Added Component: Designator=H16(TF-15x15)
Added Component: Designator=H17(CONECTOR 2 PINES)
Added Component: Designator=I1(Inductor 33UH)
Added Component: Designator=IR1(TSMP6000TT)
Added Component: Designator=IR2(TSMP6000TT)
Added Component: Designator=IR3(TSMP6000TT)
Added Component: Designator=IR4(TSMP6000TT)
Added Component: Designator=IR5(TSMP6000TT)
Added Component: Designator=IR6(TSMP6000TT)
Added Component: Designator=J1(Terminal Blocks 2in)
Added Component: Designator=J2(Terminal Blocks 3in)
Added Component: Designator=J3(Jumper SMD)
Added Component: Designator=J4(Terminal Blocks 2in)
Added Component: Designator=J5(POWER JACK)
Added Component: Designator=J6(RJ45 PLUG)
Added Component: Designator=J7(USB smd)
Added Component: Designator=J8(Terminal Blocks 2in)
Added Component: Designator=K1(RELAY_G6K-2F-TR-DC5)
Added Component: Designator=O1(TCMT110)
Added Component: Designator=R1(RES 1K)
Added Component: Designator=R2(RES 10K)
Added Component: Designator=R3(RES 10K)
Added Component: Designator=R4(RES 10K)
Added Component: Designator=R5(RES 560)
Added Component: Designator=R6(RES 120OHMS)
Added Component: Designator=R7(RES 49.9 OHMS)
Added Component: Designator=R8(RES 49.9 OHMS)
Added Component: Designator=R9(RES 49.9 OHMS)
Added Component: Designator=R10(RES 49.9 OHMS)
Added Component: Designator=R11(RES 49.9 OHMS)
Added Component: Designator=R12(RES 49.9 OHMS)
Added Component: Designator=R13(RES 1K)
Added Component: Designator=R14(RES 1K)
Added Component: Designator=R15(RES 1K)
Added Component: Designator=R16(RES 1K)
Added Component: Designator=R17(RES 1K)
Added Component: Designator=R18(RES 1K)
Added Component: Designator=R19(RES 1K)
Added Component: Designator=R20(RES 1K)
Added Component: Designator=R21(RES 1K)
Added Component: Designator=R22(RES 1K)
Added Component: Designator=R23(RES 1K)
Added Component: Designator=R24(RES 1K)
Added Component: Designator=R25(RES 1K)
Added Component: Designator=R26(Res 3.3K)
Added Component: Designator=R27(Res 3.3K)
Added Component: Designator=R28(Res 3.3K)
Added Component: Designator=R29(Res 3.3K)
Added Component: Designator=R30(RES 0 Ohms)
Added Component: Designator=R31(RES 0 Ohms)
Added Component: Designator=R32(RES 10K)
Added Component: Designator=R33(RES 2K)
Added Component: Designator=R34(RES 22.1K)
Added Component: Designator=R35(RES 47.5K)
Added Component: Designator=R36(RES 560)
Added Component: Designator=R37(RES 1K)
Added Component: Designator=R38(RES 10K)
Added Component: Designator=S1(TS-1187A-B-A-B)
Added Component: Designator=S2(TS-1187A-B-A-B)
Added Component: Designator=S3(MSS3-Q-T/R)
Added Component: Designator=S4(TS-1187A-B-A-B)
Added Component: Designator=T1(C8659)
Added Component: Designator=T2(BC847A)
Added Component: Designator=T3(TSMP77000)
Added Component: Designator=T4(BC847A)
Added Component: Designator=T5(TSMP77000)
Added Component: Designator=T6(BC847A)
Added Component: Designator=T7(TSMP77000)
Added Component: Designator=T8(BC847A)
Added Component: Designator=T9(TSMP77000)
Added Component: Designator=T10(BC847A)
Added Component: Designator=T11(TSMP77000)
Added Component: Designator=T12(BC847A)
Added Component: Designator=T13(TSMP77000)
Added Component: Designator=T14(C8659)
Added Component: Designator=U1(ESP32)
Added Component: Designator=U2(LM2596)
Added Component: Designator=U3(LD1117)
Added Component: Designator=U4(CP2102)
Added Pin To Net: NetName=3V3 Pin=B1-1
Added Pin To Net: NetName=NetB1_2 Pin=B1-2
Added Pin To Net: NetName=NetB1_2 Pin=B1-3
Added Pin To Net: NetName=GND Pin=B2-1
Added Pin To Net: NetName=NetB2_2 Pin=B2-2
Added Pin To Net: NetName=NetB2_3 Pin=B2-3
Added Pin To Net: NetName=GND Pin=B2-4
Added Pin To Net: NetName=NetB2_5 Pin=B2-5
Added Pin To Net: NetName=NetB2_6 Pin=B2-6
Added Pin To Net: NetName=GND Pin=B2-7
Added Pin To Net: NetName=NetB2_8 Pin=B2-8
Added Pin To Net: NetName=NetB2_9 Pin=B2-9
Added Pin To Net: NetName=GND Pin=B2-10
Added Pin To Net: NetName=MISO Pin=B2-11
Added Pin To Net: NetName=NetB2_12 Pin=B2-12
Added Pin To Net: NetName=GND Pin=B2-13
Added Pin To Net: NetName=3V3 Pin=B2-14
Added Pin To Net: NetName=GND Pin=C1-1
Added Pin To Net: NetName=EN Pin=C1-2
Added Pin To Net: NetName=GND Pin=C2-1
Added Pin To Net: NetName=3V3 Pin=C2-2
Added Pin To Net: NetName=GND Pin=C3-1
Added Pin To Net: NetName=3V3 Pin=C3-2
Added Pin To Net: NetName=GND Pin=C4-1
Added Pin To Net: NetName=EN Pin=C4-2
Added Pin To Net: NetName=EN Pin=C5-1
Added Pin To Net: NetName=GND Pin=C5-2
Added Pin To Net: NetName=12V Pin=C6-1
Added Pin To Net: NetName=GND Pin=C6-2
Added Pin To Net: NetName=12V Pin=C7-1
Added Pin To Net: NetName=GND Pin=C7-2
Added Pin To Net: NetName=GND Pin=C8-1
Added Pin To Net: NetName=V5V Pin=C8-2
Added Pin To Net: NetName=NetC9_1 Pin=C9-1
Added Pin To Net: NetName=GND Pin=C9-2
Added Pin To Net: NetName=12VIN Pin=C10-1
Added Pin To Net: NetName=GND Pin=C10-2
Added Pin To Net: NetName=V5V Pin=C11-1
Added Pin To Net: NetName=GND Pin=C11-2
Added Pin To Net: NetName=3V3 Pin=C12-1
Added Pin To Net: NetName=GND Pin=C12-2
Added Pin To Net: NetName=NetC13_1 Pin=C13-1
Added Pin To Net: NetName=NetC13_2 Pin=C13-2
Added Pin To Net: NetName=NetC13_3 Pin=C13-3
Added Pin To Net: NetName=3V3 Pin=C14-1
Added Pin To Net: NetName=GND Pin=C14-2
Added Pin To Net: NetName=3V3 Pin=C15-1
Added Pin To Net: NetName=GND Pin=C15-2
Added Pin To Net: NetName=GND Pin=C16-1
Added Pin To Net: NetName=3V3 Pin=C16-2
Added Pin To Net: NetName=GND Pin=C17-1
Added Pin To Net: NetName=NetB1_2 Pin=D1-1
Added Pin To Net: NetName=3V3 Pin=D1-2
Added Pin To Net: NetName=RTS Pin=D2-1
Added Pin To Net: NetName=NetD2_2 Pin=D2-2
Added Pin To Net: NetName=EN Pin=D2-3
Added Pin To Net: NetName=DTR Pin=D3-1
Added Pin To Net: NetName=NetD3_2 Pin=D3-2
Added Pin To Net: NetName=BOOT Pin=D3-3
Added Pin To Net: NetName=GND Pin=D4-1
Added Pin To Net: NetName=NetD4_2 Pin=D4-2
Added Pin To Net: NetName=NetC9_1 Pin=D5-1
Added Pin To Net: NetName=V5V Pin=D5-2
Added Pin To Net: NetName=GND Pin=D6-1
Added Pin To Net: NetName=NetD6_2 Pin=D6-2
Added Pin To Net: NetName=NetD7_1 Pin=D7-1
Added Pin To Net: NetName=LINK Pin=D7-2
Added Pin To Net: NetName=NetD8_1 Pin=D8-1
Added Pin To Net: NetName=STATUS Pin=D8-2
Added Pin To Net: NetName=NetD9_1 Pin=D9-1
Added Pin To Net: NetName=ACTIVITY Pin=D9-2
Added Pin To Net: NetName=NetD10_1 Pin=D10-1
Added Pin To Net: NetName=SENU Pin=D10-2
Added Pin To Net: NetName=NetD11_1 Pin=D11-1
Added Pin To Net: NetName=SENM Pin=D11-2
Added Pin To Net: NetName=NetD12_1 Pin=D12-1
Added Pin To Net: NetName=SEND Pin=D12-2
Added Pin To Net: NetName=NetD13_1 Pin=D13-1
Added Pin To Net: NetName=NetD13_2 Pin=D13-2
Added Pin To Net: NetName=12V Pin=D14-1
Added Pin To Net: NetName=NetD14_2 Pin=D14-2
Added Pin To Net: NetName=12VINF Pin=F1-1
Added Pin To Net: NetName=12VINF Pin=F1-1
Added Pin To Net: NetName=12VIN Pin=F1-2
Added Pin To Net: NetName=12VIN Pin=F1-2
Added Pin To Net: NetName=V5V Pin=H1-1
Added Pin To Net: NetName=V5V Pin=H1-2
Added Pin To Net: NetName=GND Pin=H1-3
Added Pin To Net: NetName=GND Pin=H1-4
Added Pin To Net: NetName=12V Pin=H1-5
Added Pin To Net: NetName=V5V Pin=H2-1
Added Pin To Net: NetName=V5V Pin=H2-2
Added Pin To Net: NetName=GND Pin=H2-3
Added Pin To Net: NetName=GND Pin=H2-4
Added Pin To Net: NetName=12V Pin=H2-5
Added Pin To Net: NetName=12V Pin=H3-1
Added Pin To Net: NetName=SENSOR5 Pin=H3-2
Added Pin To Net: NetName=SENSOR6 Pin=H3-3
Added Pin To Net: NetName=SÒL Pin=H3-4
Added Pin To Net: NetName=RELAY Pin=H3-5
Added Pin To Net: NetName=12V Pin=H4-1
Added Pin To Net: NetName=SENSOR5 Pin=H4-2
Added Pin To Net: NetName=SENSOR6 Pin=H4-3
Added Pin To Net: NetName=SÒL Pin=H4-4
Added Pin To Net: NetName=RELAY Pin=H4-5
Added Pin To Net: NetName=SEND Pin=H5-1
Added Pin To Net: NetName=SCL Pin=H5-2
Added Pin To Net: NetName=SDA Pin=H5-3
Added Pin To Net: NetName=12VIN Pin=H5-4
Added Pin To Net: NetName=12VIN Pin=H5-5
Added Pin To Net: NetName=SEND Pin=H6-1
Added Pin To Net: NetName=SCL Pin=H6-2
Added Pin To Net: NetName=SDA Pin=H6-3
Added Pin To Net: NetName=12VIN Pin=H6-4
Added Pin To Net: NetName=12VIN Pin=H6-5
Added Pin To Net: NetName=V5V Pin=H7-1
Added Pin To Net: NetName=V5V Pin=H7-2
Added Pin To Net: NetName=GND Pin=H7-3
Added Pin To Net: NetName=GND Pin=H7-4
Added Pin To Net: NetName=12V Pin=H7-5
Added Pin To Net: NetName=V5V Pin=H8-1
Added Pin To Net: NetName=V5V Pin=H8-2
Added Pin To Net: NetName=GND Pin=H8-3
Added Pin To Net: NetName=GND Pin=H8-4
Added Pin To Net: NetName=12V Pin=H8-5
Added Pin To Net: NetName=12V Pin=H9-1
Added Pin To Net: NetName=SENSOR5 Pin=H9-2
Added Pin To Net: NetName=SENSOR6 Pin=H9-3
Added Pin To Net: NetName=SÒL Pin=H9-4
Added Pin To Net: NetName=RELAY Pin=H9-5
Added Pin To Net: NetName=12V Pin=H10-1
Added Pin To Net: NetName=SENSOR5 Pin=H10-2
Added Pin To Net: NetName=SENSOR6 Pin=H10-3
Added Pin To Net: NetName=SÒL Pin=H10-4
Added Pin To Net: NetName=RELAY Pin=H10-5
Added Pin To Net: NetName=SEND Pin=H11-1
Added Pin To Net: NetName=SCL Pin=H11-2
Added Pin To Net: NetName=SDA Pin=H11-3
Added Pin To Net: NetName=12VIN Pin=H11-4
Added Pin To Net: NetName=12VIN Pin=H11-5
Added Pin To Net: NetName=SEND Pin=H12-1
Added Pin To Net: NetName=SCL Pin=H12-2
Added Pin To Net: NetName=SDA Pin=H12-3
Added Pin To Net: NetName=12VIN Pin=H12-4
Added Pin To Net: NetName=12VIN Pin=H12-5
Added Pin To Net: NetName=12VINF Pin=H13-1
Added Pin To Net: NetName=GND Pin=H13-2
Added Pin To Net: NetName=V5V Pin=H14-1
Added Pin To Net: NetName=SÒL Pin=H14-2
Added Pin To Net: NetName=GND Pin=H14-3
Added Pin To Net: NetName=NetC13_3 Pin=H15-1
Added Pin To Net: NetName=NetC13_2 Pin=H15-2
Added Pin To Net: NetName=NetC13_1 Pin=H15-3
Added Pin To Net: NetName=NetB2_8 Pin=H16-2
Added Pin To Net: NetName=NetB2_3 Pin=H16-3
Added Pin To Net: NetName=3V3 Pin=H16-4
Added Pin To Net: NetName=NetB2_6 Pin=H16-5
Added Pin To Net: NetName=GND Pin=H16-6
Added Pin To Net: NetName=NetH16_7 Pin=H16-7
Added Pin To Net: NetName=V5V Pin=H17-2
Added Pin To Net: NetName=NetD6_2 Pin=I1-1
Added Pin To Net: NetName=NetC9_1 Pin=I1-2
Added Pin To Net: NetName=GND Pin=IR1-1
Added Pin To Net: NetName=GND Pin=IR1-1
Added Pin To Net: NetName=V5V Pin=IR1-3
Added Pin To Net: NetName=NetIR1_4 Pin=IR1-4
Added Pin To Net: NetName=GND Pin=IR2-1
Added Pin To Net: NetName=GND Pin=IR2-1
Added Pin To Net: NetName=V5V Pin=IR2-3
Added Pin To Net: NetName=NetIR2_4 Pin=IR2-4
Added Pin To Net: NetName=GND Pin=IR3-1
Added Pin To Net: NetName=GND Pin=IR3-1
Added Pin To Net: NetName=V5V Pin=IR3-3
Added Pin To Net: NetName=NetIR3_4 Pin=IR3-4
Added Pin To Net: NetName=GND Pin=IR4-1
Added Pin To Net: NetName=GND Pin=IR4-1
Added Pin To Net: NetName=V5V Pin=IR4-3
Added Pin To Net: NetName=NetIR4_4 Pin=IR4-4
Added Pin To Net: NetName=GND Pin=IR5-1
Added Pin To Net: NetName=GND Pin=IR5-1
Added Pin To Net: NetName=V5V Pin=IR5-3
Added Pin To Net: NetName=NetIR5_4 Pin=IR5-4
Added Pin To Net: NetName=GND Pin=IR6-1
Added Pin To Net: NetName=GND Pin=IR6-1
Added Pin To Net: NetName=V5V Pin=IR6-3
Added Pin To Net: NetName=NetIR6_4 Pin=IR6-4
Added Pin To Net: NetName=12VINF Pin=J1-1
Added Pin To Net: NetName=GND Pin=J1-2
Added Pin To Net: NetName=V5V Pin=J2-1
Added Pin To Net: NetName=SÒL Pin=J2-2
Added Pin To Net: NetName=GND Pin=J2-3
Added Pin To Net: NetName=12V Pin=J3-1
Added Pin To Net: NetName=12VIN Pin=J3-2
Added Pin To Net: NetName=12VINF Pin=J4-1
Added Pin To Net: NetName=GND Pin=J4-2
Added Pin To Net: NetName=GND Pin=J5-1
Added Pin To Net: NetName=12VINF Pin=J5-2
Added Pin To Net: NetName=GND Pin=J5-3
Added Pin To Net: NetName=V5V Pin=J6-1
Added Pin To Net: NetName=V5V Pin=J6-2
Added Pin To Net: NetName=SDA Pin=J6-3
Added Pin To Net: NetName=SCL Pin=J6-4
Added Pin To Net: NetName=SCL Pin=J6-5
Added Pin To Net: NetName=SDA Pin=J6-6
Added Pin To Net: NetName=GND Pin=J6-7
Added Pin To Net: NetName=GND Pin=J6-8
Added Pin To Net: NetName=GND Pin=J6-9
Added Pin To Net: NetName=GND Pin=J6-9
Added Pin To Net: NetName=GND Pin=J7-1
Added Pin To Net: NetName=GND Pin=J7-1
Added Pin To Net: NetName=GND Pin=J7-1
Added Pin To Net: NetName=GND Pin=J7-1
Added Pin To Net: NetName=GND Pin=J7-1
Added Pin To Net: NetName=GND Pin=J7-1
Added Pin To Net: NetName=GND Pin=J7-1
Added Pin To Net: NetName=D+ Pin=J7-3
Added Pin To Net: NetName=D- Pin=J7-4
Added Pin To Net: NetName=V5V Pin=J7-5
Added Pin To Net: NetName=V5V Pin=J8-2
Added Pin To Net: NetName=12V Pin=K1-1
Added Pin To Net: NetName=NetC13_3 Pin=K1-2
Added Pin To Net: NetName=NetC13_2 Pin=K1-3
Added Pin To Net: NetName=NetC13_1 Pin=K1-4
Added Pin To Net: NetName=NetD14_2 Pin=K1-8
Added Pin To Net: NetName=GND Pin=O1-2
Added Pin To Net: NetName=3V3 Pin=O1-4
Added Pin To Net: NetName=BUZZER Pin=R1-1
Added Pin To Net: NetName=NetR1_2 Pin=R1-2
Added Pin To Net: NetName=DTR Pin=R2-1
Added Pin To Net: NetName=NetD2_2 Pin=R2-2
Added Pin To Net: NetName=RTS Pin=R3-1
Added Pin To Net: NetName=NetD3_2 Pin=R3-2
Added Pin To Net: NetName=EN Pin=R4-1
Added Pin To Net: NetName=3V3 Pin=R4-2
Added Pin To Net: NetName=3V3 Pin=R5-1
Added Pin To Net: NetName=NetD4_2 Pin=R5-2
Added Pin To Net: NetName=GND Pin=R6-1
Added Pin To Net: NetName=3V3 Pin=R6-2
Added Pin To Net: NetName=NetD7_1 Pin=R7-1
Added Pin To Net: NetName=GND Pin=R7-2
Added Pin To Net: NetName=NetD8_1 Pin=R8-1
Added Pin To Net: NetName=GND Pin=R8-2
Added Pin To Net: NetName=NetD9_1 Pin=R9-1
Added Pin To Net: NetName=GND Pin=R9-2
Added Pin To Net: NetName=NetD10_1 Pin=R10-1
Added Pin To Net: NetName=GND Pin=R10-2
Added Pin To Net: NetName=NetD11_1 Pin=R11-1
Added Pin To Net: NetName=GND Pin=R11-2
Added Pin To Net: NetName=NetD12_1 Pin=R12-1
Added Pin To Net: NetName=GND Pin=R12-2
Added Pin To Net: NetName=NetIR1_4 Pin=R13-1
Added Pin To Net: NetName=NetR13_2 Pin=R13-2
Added Pin To Net: NetName=SENSOR5 Pin=R14-1
Added Pin To Net: NetName=V5V Pin=R14-2
Added Pin To Net: NetName=NetIR2_4 Pin=R15-1
Added Pin To Net: NetName=NetR15_2 Pin=R15-2
Added Pin To Net: NetName=SENSOR6 Pin=R16-1
Added Pin To Net: NetName=V5V Pin=R16-2
Added Pin To Net: NetName=NetIR3_4 Pin=R17-1
Added Pin To Net: NetName=NetR17_2 Pin=R17-2
Added Pin To Net: NetName=SENSOR1 Pin=R18-1
Added Pin To Net: NetName=V5V Pin=R18-2
Added Pin To Net: NetName=NetIR4_4 Pin=R19-1
Added Pin To Net: NetName=NetR19_2 Pin=R19-2
Added Pin To Net: NetName=SENSOR3 Pin=R20-1
Added Pin To Net: NetName=V5V Pin=R20-2
Added Pin To Net: NetName=NetIR5_4 Pin=R21-1
Added Pin To Net: NetName=NetR21_2 Pin=R21-2
Added Pin To Net: NetName=SENSOR2 Pin=R22-1
Added Pin To Net: NetName=V5V Pin=R22-2
Added Pin To Net: NetName=NetIR6_4 Pin=R23-1
Added Pin To Net: NetName=NetR23_2 Pin=R23-2
Added Pin To Net: NetName=SENSOR4 Pin=R24-1
Added Pin To Net: NetName=V5V Pin=R24-2
Added Pin To Net: NetName=RELAY Pin=R25-1
Added Pin To Net: NetName=NetD13_1 Pin=R25-2
Added Pin To Net: NetName=MOSI Pin=R26-1
Added Pin To Net: NetName=NetB2_2 Pin=R26-2
Added Pin To Net: NetName=NetB2_12 Pin=R27-1
Added Pin To Net: NetName=NetH16_7 Pin=R27-2
Added Pin To Net: NetName=SKC Pin=R28-1
Added Pin To Net: NetName=NetB2_5 Pin=R28-2
Added Pin To Net: NetName=NetB2_9 Pin=R29-1
Added Pin To Net: NetName=CS Pin=R29-2
Added Pin To Net: NetName=TXUSB Pin=R30-1
Added Pin To Net: NetName=RXD Pin=R30-2
Added Pin To Net: NetName=RXUSB Pin=R31-1
Added Pin To Net: NetName=TXD Pin=R31-2
Added Pin To Net: NetName=SUSPEND Pin=R32-1
Added Pin To Net: NetName=GND Pin=R32-2
Added Pin To Net: NetName=RST Pin=R33-1
Added Pin To Net: NetName=3V3 Pin=R33-2
Added Pin To Net: NetName=V5V Pin=R34-1
Added Pin To Net: NetName=NetR34_2 Pin=R34-2
Added Pin To Net: NetName=GND Pin=R35-1
Added Pin To Net: NetName=NetR34_2 Pin=R35-2
Added Pin To Net: NetName=GND Pin=R37-1
Added Pin To Net: NetName=GND Pin=R38-1
Added Pin To Net: NetName=GND Pin=S1-1
Added Pin To Net: NetName=GND Pin=S1-2
Added Pin To Net: NetName=EN Pin=S1-4
Added Pin To Net: NetName=GND Pin=S2-1
Added Pin To Net: NetName=GND Pin=S2-2
Added Pin To Net: NetName=BOOT Pin=S2-4
Added Pin To Net: NetName=12VIN Pin=S3-1
Added Pin To Net: NetName=12V Pin=S3-2
Added Pin To Net: NetName=GND Pin=S4-2
Added Pin To Net: NetName=RSTCONTA Pin=S4-4
Added Pin To Net: NetName=NetR1_2 Pin=T1-1
Added Pin To Net: NetName=GND Pin=T1-2
Added Pin To Net: NetName=NetB1_2 Pin=T1-3
Added Pin To Net: NetName=NetR13_2 Pin=T2-1
Added Pin To Net: NetName=GND Pin=T2-2
Added Pin To Net: NetName=SENSOR5 Pin=T2-3
Added Pin To Net: NetName=GND Pin=T3-1
Added Pin To Net: NetName=V5V Pin=T3-2
Added Pin To Net: NetName=NetIR1_4 Pin=T3-3
Added Pin To Net: NetName=GND Pin=T3-4
Added Pin To Net: NetName=NetR15_2 Pin=T4-1
Added Pin To Net: NetName=GND Pin=T4-2
Added Pin To Net: NetName=SENSOR6 Pin=T4-3
Added Pin To Net: NetName=GND Pin=T5-1
Added Pin To Net: NetName=V5V Pin=T5-2
Added Pin To Net: NetName=NetIR2_4 Pin=T5-3
Added Pin To Net: NetName=GND Pin=T5-4
Added Pin To Net: NetName=NetR17_2 Pin=T6-1
Added Pin To Net: NetName=GND Pin=T6-2
Added Pin To Net: NetName=SENSOR1 Pin=T6-3
Added Pin To Net: NetName=GND Pin=T7-1
Added Pin To Net: NetName=V5V Pin=T7-2
Added Pin To Net: NetName=NetIR3_4 Pin=T7-3
Added Pin To Net: NetName=GND Pin=T7-4
Added Pin To Net: NetName=NetR19_2 Pin=T8-1
Added Pin To Net: NetName=GND Pin=T8-2
Added Pin To Net: NetName=SENSOR3 Pin=T8-3
Added Pin To Net: NetName=GND Pin=T9-1
Added Pin To Net: NetName=V5V Pin=T9-2
Added Pin To Net: NetName=NetIR4_4 Pin=T9-3
Added Pin To Net: NetName=GND Pin=T9-4
Added Pin To Net: NetName=NetR21_2 Pin=T10-1
Added Pin To Net: NetName=GND Pin=T10-2
Added Pin To Net: NetName=SENSOR2 Pin=T10-3
Added Pin To Net: NetName=GND Pin=T11-1
Added Pin To Net: NetName=V5V Pin=T11-2
Added Pin To Net: NetName=NetIR5_4 Pin=T11-3
Added Pin To Net: NetName=GND Pin=T11-4
Added Pin To Net: NetName=NetR23_2 Pin=T12-1
Added Pin To Net: NetName=GND Pin=T12-2
Added Pin To Net: NetName=SENSOR4 Pin=T12-3
Added Pin To Net: NetName=GND Pin=T13-1
Added Pin To Net: NetName=V5V Pin=T13-2
Added Pin To Net: NetName=NetIR6_4 Pin=T13-3
Added Pin To Net: NetName=GND Pin=T13-4
Added Pin To Net: NetName=NetD13_2 Pin=T14-1
Added Pin To Net: NetName=GND Pin=T14-2
Added Pin To Net: NetName=NetD14_2 Pin=T14-3
Added Pin To Net: NetName=GND Pin=U1-1
Added Pin To Net: NetName=GND Pin=U1-1
Added Pin To Net: NetName=GND Pin=U1-1
Added Pin To Net: NetName=GND Pin=U1-1
Added Pin To Net: NetName=GND Pin=U1-1
Added Pin To Net: NetName=GND Pin=U1-1
Added Pin To Net: NetName=GND Pin=U1-1
Added Pin To Net: NetName=GND Pin=U1-1
Added Pin To Net: NetName=GND Pin=U1-1
Added Pin To Net: NetName=GND Pin=U1-1
Added Pin To Net: NetName=3V3 Pin=U1-2
Added Pin To Net: NetName=EN Pin=U1-3
Added Pin To Net: NetName=STATUS Pin=U1-4
Added Pin To Net: NetName=RELAY Pin=U1-5
Added Pin To Net: NetName=SENSOR5 Pin=U1-6
Added Pin To Net: NetName=SENSOR6 Pin=U1-7
Added Pin To Net: NetName=SENSOR3 Pin=U1-8
Added Pin To Net: NetName=SENSOR4 Pin=U1-9
Added Pin To Net: NetName=SENSOR1 Pin=U1-10
Added Pin To Net: NetName=SENSOR2 Pin=U1-11
Added Pin To Net: NetName=RSTCONTA Pin=U1-12
Added Pin To Net: NetName=LINK Pin=U1-14
Added Pin To Net: NetName=GND Pin=U1-15
Added Pin To Net: NetName=SÒL Pin=U1-23
Added Pin To Net: NetName=SENU Pin=U1-24
Added Pin To Net: NetName=BOOT Pin=U1-25
Added Pin To Net: NetName=SENM Pin=U1-26
Added Pin To Net: NetName=SEND Pin=U1-27
Added Pin To Net: NetName=BUZZER Pin=U1-28
Added Pin To Net: NetName=CS Pin=U1-29
Added Pin To Net: NetName=SKC Pin=U1-30
Added Pin To Net: NetName=MISO Pin=U1-31
Added Pin To Net: NetName=SDA Pin=U1-33
Added Pin To Net: NetName=RXUSB Pin=U1-34
Added Pin To Net: NetName=TXUSB Pin=U1-35
Added Pin To Net: NetName=SCL Pin=U1-36
Added Pin To Net: NetName=MOSI Pin=U1-37
Added Pin To Net: NetName=GND Pin=U1-38
Added Pin To Net: NetName=12V Pin=U2-1
Added Pin To Net: NetName=NetD6_2 Pin=U2-2
Added Pin To Net: NetName=GND Pin=U2-3
Added Pin To Net: NetName=GND Pin=U2-3
Added Pin To Net: NetName=GND Pin=U2-3
Added Pin To Net: NetName=NetC9_1 Pin=U2-4
Added Pin To Net: NetName=GND Pin=U2-5
Added Pin To Net: NetName=V5V Pin=U3-1
Added Pin To Net: NetName=GND Pin=U3-2
Added Pin To Net: NetName=3V3 Pin=U3-3
Added Pin To Net: NetName=3V3 Pin=U3-3
Added Pin To Net: NetName=GND Pin=U4-3
Added Pin To Net: NetName=GND Pin=U4-3
Added Pin To Net: NetName=D+ Pin=U4-4
Added Pin To Net: NetName=D- Pin=U4-5
Added Pin To Net: NetName=3V3 Pin=U4-6
Added Pin To Net: NetName=3V3 Pin=U4-7
Added Pin To Net: NetName=NetR34_2 Pin=U4-8
Added Pin To Net: NetName=RST Pin=U4-9
Added Pin To Net: NetName=SUSPEND Pin=U4-11
Added Pin To Net: NetName=RTS Pin=U4-24
Added Pin To Net: NetName=RXD Pin=U4-25
Added Pin To Net: NetName=TXD Pin=U4-26
Added Pin To Net: NetName=DTR Pin=U4-28
Added Pin To Net: NetName=NetD15_1 Pin=D15-1
Added Pin To Net: NetName=NetD15_1 Pin=H17-1
Added Pin To Net: NetName=NetD15_1 Pin=J8-1
Added Net: Name=NetD15_1
Added Pin To Net: NetName=NetD15_2 Pin=D15-2
Added Pin To Net: NetName=NetD15_2 Pin=R36-1
Added Net: Name=NetD15_2
Added Pin To Net: NetName=NetO1_1 Pin=O1-1
Added Pin To Net: NetName=NetO1_1 Pin=R36-2
Added Net: Name=NetO1_1
Added Pin To Net: NetName=SENMAG Pin=C17-2
Added Pin To Net: NetName=SENMAG Pin=O1-3
Added Pin To Net: NetName=SENMAG Pin=R37-2
Added Pin To Net: NetName=SENMAG Pin=R38-2
Added Pin To Net: NetName=SENMAG Pin=U1-13
Added Net: Name=SENMAG
Added Class: Name=Optoacoplador
Added Class: Name=Reset Contador
Added Member To Class: ClassName=Buzzer Member=Component B1 BuzzerSMD
Added Member To Class: ClassName=SD Member=Component B2 74LVC125A
Added Member To Class: ClassName=ESP32 Member=Component C1 Cap 10nf smd
Added Member To Class: ClassName=ESP32 Member=Component C2 Cap 0.1uf smd
Added Member To Class: ClassName=ESP32 Member=Component C3 Cap 10uf smd
Added Member To Class: ClassName=ESP32 Member=Component C4 Cap 0.1uf smd
Added Member To Class: ClassName=ESP32 Member=Component C5 Cap 0.1uf smd
Added Member To Class: ClassName=Fuente Member=Component C6 Cap 0.1uf smd
Added Member To Class: ClassName=Fuente Member=Component C7 Cap 680uf smd
Added Member To Class: ClassName=Fuente Member=Component C8 Cap 0.1uf smd
Added Member To Class: ClassName=Fuente Member=Component C9 Cap 220uf smd
Added Member To Class: ClassName=Fuente Member=Component C10 Cap 470uf
Added Member To Class: ClassName=Fuente Member=Component C11 Cap 100nf smd
Added Member To Class: ClassName=Fuente Member=Component C12 Cap 10uf smd
Added Member To Class: ClassName=Relay Member=Component C13 Clema 3
Added Member To Class: ClassName=SD Member=Component C14 Cap 100nf smd
Added Member To Class: ClassName=USB Member=Component C15 Cap 0.1uf smd
Added Member To Class: ClassName=USB Member=Component C16 Cap 4.7uf smd
Added Member To Class: ClassName=Buzzer Member=Component D1 1N4148
Added Member To Class: ClassName=ESP32 Member=Component D2 SS8050
Added Member To Class: ClassName=ESP32 Member=Component D3 SS8050
Added Member To Class: ClassName=Fuente Member=Component D4 Led Verde 0805
Added Member To Class: ClassName=Fuente Member=Component D5 SS24
Added Member To Class: ClassName=Fuente Member=Component D6 PMEG3050EP
Added Member To Class: ClassName=Leds Indicadores Member=Component D7 HL-PC-2012H322W-L(9000K-16000K)
Added Member To Class: ClassName=Leds Indicadores Member=Component D8 Led Verde 0805
Added Member To Class: ClassName=Leds Indicadores Member=Component D9 Led 0805 Amarillo
Added Member To Class: ClassName=Leds Indicadores Member=Component D10 Led 0805 Amarillo
Added Member To Class: ClassName=Leds Indicadores Member=Component D11 Led 0805 Amarillo
Added Member To Class: ClassName=Leds Indicadores Member=Component D12 Led 0805 Amarillo
Added Member To Class: ClassName=Relay Member=Component D13 LED 0805 SMD
Added Member To Class: ClassName=Relay Member=Component D14 IN4001
Added Member To Class: ClassName=Fuente Member=Component F1 FUSE
Added Member To Class: ClassName=Conectores Member=Component H1 HEADER 5
Added Member To Class: ClassName=Conectores Member=Component H2 HEADER 5
Added Member To Class: ClassName=Conectores Member=Component H3 HEADER 5
Added Member To Class: ClassName=Conectores Member=Component H4 HEADER 5
Added Member To Class: ClassName=Conectores Member=Component H5 HEADER 5
Added Member To Class: ClassName=Conectores Member=Component H6 HEADER 5
Added Member To Class: ClassName=Conectores Finales Member=Component H7 HEADER 5
Added Member To Class: ClassName=Conectores Finales Member=Component H8 HEADER 5
Added Member To Class: ClassName=Conectores Finales Member=Component H9 HEADER 5
Added Member To Class: ClassName=Conectores Finales Member=Component H10 HEADER 5
Added Member To Class: ClassName=Conectores Finales Member=Component H11 HEADER 5
Added Member To Class: ClassName=Conectores Finales Member=Component H12 HEADER 5
Added Member To Class: ClassName=Conectores Finales Member=Component H13 XHP-2 CONECTOR
Added Member To Class: ClassName=Conectores Finales Member=Component H14 XHP-3 CONECTOR
Added Member To Class: ClassName=Relay Member=Component H15 XHP-3 CONECTOR
Added Member To Class: ClassName=SD Member=Component H16 TF-15x15
Added Member To Class: ClassName=Fuente Member=Component I1 Inductor 33uh
Added Member To Class: ClassName=Receptor D Member=Component IR1 TSMP6000TT
Added Member To Class: ClassName=Receptor D Member=Component IR2 TSMP6000TT
Added Member To Class: ClassName=Receptor U Member=Component IR3 TSMP6000TT
Added Member To Class: ClassName=Receptor U Member=Component IR4 TSMP6000TT
Added Member To Class: ClassName=Receptor U Member=Component IR5 TSMP6000TT
Added Member To Class: ClassName=Receptor U Member=Component IR6 TSMP6000TT
Added Member To Class: ClassName=Conectores Finales Member=Component J1 JACK 2IN
Added Member To Class: ClassName=Conectores Finales Member=Component J2 JACK 3IN
Added Member To Class: ClassName=Fuente Member=Component J3 JumperSMD
Added Member To Class: ClassName=Fuente Member=Component J4 JACK 2IN
Added Member To Class: ClassName=Fuente Member=Component J5 JACK POWER
Added Member To Class: ClassName=LCD Member=Component J6 RJ45
Added Member To Class: ClassName=USB Member=Component J7 USB smd
Added Member To Class: ClassName=Relay Member=Component K1 G6K-2F-TR-DC5
Added Member To Class: ClassName=Buzzer Member=Component R1 Res 1K smd
Added Member To Class: ClassName=ESP32 Member=Component R2 Res 10K smd
Added Member To Class: ClassName=ESP32 Member=Component R3 Res 10K smd
Added Member To Class: ClassName=ESP32 Member=Component R4 Res 10K smd
Added Member To Class: ClassName=Fuente Member=Component R5 Res 560 Ohms smd
Added Member To Class: ClassName=Fuente Member=Component R6 Res 120ohms
Added Member To Class: ClassName=Leds Indicadores Member=Component R7 Res 49.9 Ohms smd
Added Member To Class: ClassName=Leds Indicadores Member=Component R8 Res 49.9 Ohms smd
Added Member To Class: ClassName=Leds Indicadores Member=Component R9 Res 49.9 Ohms smd
Added Member To Class: ClassName=Leds Indicadores Member=Component R10 Res 49.9 Ohms smd
Added Member To Class: ClassName=Leds Indicadores Member=Component R11 Res 49.9 Ohms smd
Added Member To Class: ClassName=Leds Indicadores Member=Component R12 Res 49.9 Ohms smd
Added Member To Class: ClassName=Receptor D Member=Component R13 Res 1K smd
Added Member To Class: ClassName=Receptor D Member=Component R14 Res 1K smd
Added Member To Class: ClassName=Receptor D Member=Component R15 Res 1K smd
Added Member To Class: ClassName=Receptor D Member=Component R16 Res 1K smd
Added Member To Class: ClassName=Receptor U Member=Component R17 Res 1K smd
Added Member To Class: ClassName=Receptor U Member=Component R18 Res 1K smd
Added Member To Class: ClassName=Receptor U Member=Component R19 Res 1K smd
Added Member To Class: ClassName=Receptor U Member=Component R20 Res 1K smd
Added Member To Class: ClassName=Receptor U Member=Component R21 Res 1K smd
Added Member To Class: ClassName=Receptor U Member=Component R22 Res 1K smd
Added Member To Class: ClassName=Receptor U Member=Component R23 Res 1K smd
Added Member To Class: ClassName=Receptor U Member=Component R24 Res 1K smd
Added Member To Class: ClassName=Relay Member=Component R25 Res 1K smd
Added Member To Class: ClassName=SD Member=Component R26 Res 3.3K
Added Member To Class: ClassName=SD Member=Component R27 Res 3.3K
Added Member To Class: ClassName=SD Member=Component R28 Res 3.3K
Added Member To Class: ClassName=SD Member=Component R29 Res 3.3K
Added Member To Class: ClassName=USB Member=Component R30 Res 0ohms
Added Member To Class: ClassName=USB Member=Component R31 Res 0ohms
Added Member To Class: ClassName=USB Member=Component R32 Res 10K smd
Added Member To Class: ClassName=USB Member=Component R33 Res 2K smd
Added Member To Class: ClassName=USB Member=Component R34 Res 22.1K smd
Added Member To Class: ClassName=USB Member=Component R35 Res 47.5K
Added Member To Class: ClassName=ESP32 Member=Component S1 TS-1187A-B-A-B
Added Member To Class: ClassName=ESP32 Member=Component S2 TS-1187A-B-A-B
Added Member To Class: ClassName=Fuente Member=Component S3 MSS3-Q-T/R
Added Member To Class: ClassName=Buzzer Member=Component T1 TRANSISTORS (NPN/PNP) NPN 100MA 45V
Added Member To Class: ClassName=Receptor D Member=Component T2 BC847A
Added Member To Class: ClassName=Receptor D Member=Component T3 TSMP77000
Added Member To Class: ClassName=Receptor D Member=Component T4 BC847A
Added Member To Class: ClassName=Receptor D Member=Component T5 TSMP77000
Added Member To Class: ClassName=Receptor U Member=Component T6 BC847A
Added Member To Class: ClassName=Receptor U Member=Component T7 TSMP77000
Added Member To Class: ClassName=Receptor U Member=Component T8 BC847A
Added Member To Class: ClassName=Receptor U Member=Component T9 TSMP77000
Added Member To Class: ClassName=Receptor U Member=Component T10 BC847A
Added Member To Class: ClassName=Receptor U Member=Component T11 TSMP77000
Added Member To Class: ClassName=Receptor U Member=Component T12 BC847A
Added Member To Class: ClassName=Receptor U Member=Component T13 TSMP77000
Added Member To Class: ClassName=Relay Member=Component T14 TRANSISTORS (NPN/PNP) NPN 100MA 45V
Added Member To Class: ClassName=ESP32 Member=Component U1 ESP32
Added Member To Class: ClassName=Fuente Member=Component U2 LM2596
Added Member To Class: ClassName=Fuente Member=Component U3 LD1117
Added Member To Class: ClassName=USB Member=Component U4 CP2102
Added Room: Name=Buzzer
Added Room: Name=Conectores
Added Room: Name=Conectores Finales
Added Room: Name=ESP32
Added Room: Name=Fuente
Added Room: Name=LCD
Added Room: Name=Leds Indicadores
Added Room: Name=Optoacoplador
Added Room: Name=Receptor D
Added Room: Name=Receptor U
Added Room: Name=Relay
Added Room: Name=Reset Contador
Added Room: Name=SD
Added Room: Name=USB
